Using pre-set license
Built from '2020.3/staging' branch; Version is '2020.3.30f1 (1fb1bf06830e) revision 2077119'; Using compiler version '192528614'; Build Type 'Release'
OS: 'Windows 11  (10.0.22000) 64bit Professional' Language: 'es' Physical Memory: 32712 MB
BatchMode: 1, IsHumanControllingUs: 0, StartBugReporterOnCrash: 0, Is64bit: 1, IsPro: 0

COMMAND LINE ARGUMENTS:
C:\Program Files\Unity\Hub\Editor\2020.3.30f1\Editor\Unity.exe
-adb2
-batchMode
-noUpm
-name
AssetImportWorker0
-projectPath
C:/Users/AMK-8/Documents/Leo Medellin/ProyectoSemestral4/Dingir
-logFile
Logs/AssetImportWorker0.log
-srvPort
55380
Successfully changed project path to: C:/Users/AMK-8/Documents/Leo Medellin/ProyectoSemestral4/Dingir
C:/Users/AMK-8/Documents/Leo Medellin/ProyectoSemestral4/Dingir
Using Asset Import Pipeline V2.
Refreshing native plugins compatible for Editor in 21.40 ms, found 2 plugins.
Preloading 0 native plugins for Editor in 0.00 ms.
Initialize engine version: 2020.3.30f1 (1fb1bf06830e)
[Subsystems] Discovering subsystems at path C:/Program Files/Unity/Hub/Editor/2020.3.30f1/Editor/Data/Resources/UnitySubsystems
[Subsystems] Discovering subsystems at path C:/Users/AMK-8/Documents/Leo Medellin/ProyectoSemestral4/Dingir/Assets
GfxDevice: creating device client; threaded=0
Direct3D:
    Version:  Direct3D 11.0 [level 11.1]
    Renderer: NVIDIA GeForce RTX 3060 (ID=0x2503)
    Vendor:   
    VRAM:     12143 MB
    Driver:   30.0.14.7168
Initialize mono
Mono path[0] = 'C:/Program Files/Unity/Hub/Editor/2020.3.30f1/Editor/Data/Managed'
Mono path[1] = 'C:/Program Files/Unity/Hub/Editor/2020.3.30f1/Editor/Data/MonoBleedingEdge/lib/mono/unityjit'
Mono config path = 'C:/Program Files/Unity/Hub/Editor/2020.3.30f1/Editor/Data/MonoBleedingEdge/etc'
Using monoOptions --debugger-agent=transport=dt_socket,embedding=1,server=y,suspend=n,address=127.0.0.1:56948
Begin MonoManager ReloadAssembly
Registering precompiled unity dll's ...
Register platform support module: C:/Program Files/Unity/Hub/Editor/2020.3.30f1/Editor/Data/PlaybackEngines/WindowsStandaloneSupport/UnityEditor.WindowsStandalone.Extensions.dll
Registered in 0.001207 seconds.
Native extension for WindowsStandalone target not found
Refreshing native plugins compatible for Editor in 20.63 ms, found 2 plugins.
Preloading 0 native plugins for Editor in 0.00 ms.
Mono: successfully reloaded assembly
- Completed reload, in  0.375 seconds
Domain Reload Profiling:
	ReloadAssembly (375ms)
		BeginReloadAssembly (44ms)
			ExecutionOrderSort (0ms)
			DisableScriptedObjects (0ms)
			BackupInstance (0ms)
			ReleaseScriptingObjects (0ms)
			CreateAndSetChildDomain (0ms)
		EndReloadAssembly (284ms)
			LoadAssemblies (43ms)
			RebuildTransferFunctionScriptingTraits (0ms)
			SetupTypeCache (91ms)
			ReleaseScriptCaches (0ms)
			RebuildScriptCaches (18ms)
			SetupLoadedEditorAssemblies (107ms)
				LogAssemblyErrors (0ms)
				InitializePlatformSupportModulesInManaged (3ms)
				SetLoadedEditorAssemblies (0ms)
				RefreshPlugins (21ms)
				BeforeProcessingInitializeOnLoad (11ms)
				ProcessInitializeOnLoadAttributes (54ms)
				ProcessInitializeOnLoadMethodAttributes (18ms)
				AfterProcessingInitializeOnLoad (0ms)
				EditorAssembliesLoaded (0ms)
			ExecutionOrderSort2 (0ms)
			AwakeInstancesAfterBackupRestoration (0ms)
Platform modules already initialized, skipping
Registering precompiled user dll's ...
Registered in 0.002029 seconds.
Begin MonoManager ReloadAssembly
Native extension for WindowsStandalone target not found
Refreshing native plugins compatible for Editor in 0.33 ms, found 2 plugins.
Preloading 0 native plugins for Editor in 0.00 ms.
Mono: successfully reloaded assembly
- Completed reload, in  0.627 seconds
Domain Reload Profiling:
	ReloadAssembly (627ms)
		BeginReloadAssembly (97ms)
			ExecutionOrderSort (0ms)
			DisableScriptedObjects (3ms)
			BackupInstance (0ms)
			ReleaseScriptingObjects (0ms)
			CreateAndSetChildDomain (16ms)
		EndReloadAssembly (491ms)
			LoadAssemblies (61ms)
			RebuildTransferFunctionScriptingTraits (0ms)
			SetupTypeCache (159ms)
			ReleaseScriptCaches (0ms)
			RebuildScriptCaches (24ms)
			SetupLoadedEditorAssemblies (198ms)
				LogAssemblyErrors (0ms)
				InitializePlatformSupportModulesInManaged (3ms)
				SetLoadedEditorAssemblies (0ms)
				RefreshPlugins (0ms)
				BeforeProcessingInitializeOnLoad (52ms)
				ProcessInitializeOnLoadAttributes (132ms)
				ProcessInitializeOnLoadMethodAttributes (6ms)
				AfterProcessingInitializeOnLoad (4ms)
				EditorAssembliesLoaded (0ms)
			ExecutionOrderSort2 (0ms)
			AwakeInstancesAfterBackupRestoration (4ms)
Platform modules already initialized, skipping
========================================================================
Worker process is ready to serve import requests
Launched and connected shader compiler UnityShaderCompiler.exe after 0.04 seconds
Refreshing native plugins compatible for Editor in 0.32 ms, found 2 plugins.
Preloading 0 native plugins for Editor in 0.00 ms.
Unloading 1502 Unused Serialized files (Serialized files now loaded: 0)
System memory in use before: 67.7 MB.
System memory in use after: 67.7 MB.

Unloading 16 unused Assets to reduce memory usage. Loaded Objects now: 1937.
Total: 2.254000 ms (FindLiveObjects: 0.102300 ms CreateObjectMapping: 0.037400 ms MarkObjects: 2.063700 ms  DeleteObjects: 0.050100 ms)

AssetImportParameters requested are different than current active one (requested -> active):
  custom:framework-win-MediaFoundation: 216162199b28c13a410421893ffa2e32 -> 
  custom:video-decoder-ogg-theora: a1e56fd34408186e4bbccfd4996cb3dc -> 
  custom:container-muxer-webm: aa71ff27fc2769a1b78a27578f13a17b -> 
  custom:container-demuxer-webm: 4f35f7cbe854078d1ac9338744f61a02 -> 
  custom:container-demuxer-ogg: 62fdf1f143b41e24485cea50d1cbac27 -> 
  custom:video-encoder-webm-vp8: eb34c28f22e8b96e1ab97ce403110664 -> 
  custom:video-decoder-webm-vp8: 9c59270c3fd7afecdb556c50c9e8de78 -> 
  custom:audio-decoder-ogg-vorbis: bf7c407c2cedff20999df2af8eb42d56 -> 
  custom:audio-encoder-webm-vorbis: bf7c407c2cedff20999df2af8eb42d56 -> 
========================================================================
Received Import Request.
  path: Assets
  artifactKey: Guid(00000000000000001000000000000000) Importer(815301076,1909f56bfc062723c751e8b465ee728b)
Start importing Assets using Guid(00000000000000001000000000000000) Importer(815301076,1909f56bfc062723c751e8b465ee728b)  -> (artifact id: '42d402b061de3733987d63b9cc3b64de') in 0.003462 seconds 
========================================================================
Received Import Request.
  Time since last request: 0.287257 seconds.
  path: Assets/Scenes
  artifactKey: Guid(455fb112c186d2742bcfeef8d13f6670) Importer(815301076,1909f56bfc062723c751e8b465ee728b)
Start importing Assets/Scenes using Guid(455fb112c186d2742bcfeef8d13f6670) Importer(815301076,1909f56bfc062723c751e8b465ee728b)  -> (artifact id: 'd5cd248b9b07f4899571602629d3ce11') in 0.001702 seconds 
========================================================================
Received Import Request.
  Time since last request: 0.647092 seconds.
  path: Assets/Scenes/SampleScene.unity
  artifactKey: Guid(9fc0d4010bbf28b4594072e72b8655ab) Importer(815301076,1909f56bfc062723c751e8b465ee728b)
Start importing Assets/Scenes/SampleScene.unity using Guid(9fc0d4010bbf28b4594072e72b8655ab) Importer(815301076,1909f56bfc062723c751e8b465ee728b)  -> (artifact id: '85059f4f9e1a832ed95adaa0d25c5c4c') in 0.006775 seconds 
========================================================================
Received Import Request.
  Time since last request: 1.189578 seconds.
  path: Assets/Scenes/SampleScene.unity
  artifactKey: Guid(9fc0d4010bbf28b4594072e72b8655ab) Importer(815301076,1909f56bfc062723c751e8b465ee728b)
Start importing Assets/Scenes/SampleScene.unity using Guid(9fc0d4010bbf28b4594072e72b8655ab) Importer(815301076,1909f56bfc062723c751e8b465ee728b)  -> (artifact id: '9a98548abeb7f67da6d8d85d39da1c58') in 0.001754 seconds 
========================================================================
Received Import Request.
  Time since last request: 8.789370 seconds.
  path: Assets/Scenes/Tutorial.unity
  artifactKey: Guid(9fc0d4010bbf28b4594072e72b8655ab) Importer(815301076,1909f56bfc062723c751e8b465ee728b)
Start importing Assets/Scenes/Tutorial.unity using Guid(9fc0d4010bbf28b4594072e72b8655ab) Importer(815301076,1909f56bfc062723c751e8b465ee728b)  -> (artifact id: 'ea123a9cdd7df06e2293fbc690ec5852') in 0.001887 seconds 
========================================================================
Received Import Request.
  Time since last request: 7.616714 seconds.
  path: Assets/Material
  artifactKey: Guid(9b8226d6e772e4941ac0c63d7290fb69) Importer(815301076,1909f56bfc062723c751e8b465ee728b)
Start importing Assets/Material using Guid(9b8226d6e772e4941ac0c63d7290fb69) Importer(815301076,1909f56bfc062723c751e8b465ee728b)  -> (artifact id: '02f0bef73347eee8b79ed11f0b67f358') in 0.001586 seconds 
========================================================================
Received Import Request.
  Time since last request: 5.710000 seconds.
  path: Assets/Material/Colors
  artifactKey: Guid(79b2e32d5f896d14294ae8a76dbd523f) Importer(815301076,1909f56bfc062723c751e8b465ee728b)
Start importing Assets/Material/Colors using Guid(79b2e32d5f896d14294ae8a76dbd523f) Importer(815301076,1909f56bfc062723c751e8b465ee728b)  -> (artifact id: 'c9df62bbeb18d6f90e1ce3c4c1d208a4') in 0.001437 seconds 
========================================================================
Received Import Request.
  Time since last request: 9.833978 seconds.
  path: Assets/Material/Colors/Green.mat
  artifactKey: Guid(8aea1848d7bd1b440b6471b0d85082cc) Importer(815301076,1909f56bfc062723c751e8b465ee728b)
Start importing Assets/Material/Colors/Green.mat using Guid(8aea1848d7bd1b440b6471b0d85082cc) Importer(815301076,1909f56bfc062723c751e8b465ee728b)  -> (artifact id: 'ba272b1f2ad521220019dd794909d395') in 0.090185 seconds 
========================================================================
Received Import Request.
  Time since last request: 124.460943 seconds.
  path: Assets/Material/Colors/Blue.mat
  artifactKey: Guid(32b913a5529cba045b9a41c97109e994) Importer(815301076,1909f56bfc062723c751e8b465ee728b)
Start importing Assets/Material/Colors/Blue.mat using Guid(32b913a5529cba045b9a41c97109e994) Importer(815301076,1909f56bfc062723c751e8b465ee728b)  -> (artifact id: '80f159e6bfe4b869542213174fc19147') in 0.028839 seconds 
========================================================================
Received Import Request.
  Time since last request: 152.577375 seconds.
  path: Assets/Material/Colors/Red.mat
  artifactKey: Guid(218af5e2435cc864d8bef77d9867b2c5) Importer(815301076,1909f56bfc062723c751e8b465ee728b)
Start importing Assets/Material/Colors/Red.mat using Guid(218af5e2435cc864d8bef77d9867b2c5) Importer(815301076,1909f56bfc062723c751e8b465ee728b)  -> (artifact id: 'c61520e6740f12383cd67e278fea2360') in 0.012429 seconds 
========================================================================
Received Import Request.
  Time since last request: 129.806906 seconds.
  path: Assets/Material/Colors/Yellow.mat
  artifactKey: Guid(3873862a806d7bd4f988a60aa4e364dc) Importer(815301076,1909f56bfc062723c751e8b465ee728b)
Start importing Assets/Material/Colors/Yellow.mat using Guid(3873862a806d7bd4f988a60aa4e364dc) Importer(815301076,1909f56bfc062723c751e8b465ee728b)  -> (artifact id: '3743507c06cfaf70c9a4a344efb38eed') in 0.015474 seconds 
========================================================================
Received Import Request.
  Time since last request: 64.532305 seconds.
  path: Assets/Capsule.prefab
  artifactKey: Guid(255c80991d644ef49bfcbe13b0b72da4) Importer(815301076,1909f56bfc062723c751e8b465ee728b)
Start importing Assets/Capsule.prefab using Guid(255c80991d644ef49bfcbe13b0b72da4) Importer(815301076,1909f56bfc062723c751e8b465ee728b)  -> (artifact id: 'ea5fc5c218791776009cd94a66ab9075') in 0.021098 seconds 
========================================================================
Received Prepare
Registering precompiled user dll's ...
Registered in 0.001804 seconds.
Begin MonoManager ReloadAssembly
Native extension for WindowsStandalone target not found
Refreshing native plugins compatible for Editor in 0.40 ms, found 2 plugins.
Preloading 0 native plugins for Editor in 0.00 ms.
Mono: successfully reloaded assembly
- Completed reload, in  0.525 seconds
Domain Reload Profiling:
	ReloadAssembly (525ms)
		BeginReloadAssembly (86ms)
			ExecutionOrderSort (0ms)
			DisableScriptedObjects (3ms)
			BackupInstance (0ms)
			ReleaseScriptingObjects (0ms)
			CreateAndSetChildDomain (29ms)
		EndReloadAssembly (400ms)
			LoadAssemblies (57ms)
			RebuildTransferFunctionScriptingTraits (0ms)
			SetupTypeCache (143ms)
			ReleaseScriptCaches (1ms)
			RebuildScriptCaches (17ms)
			SetupLoadedEditorAssemblies (129ms)
				LogAssemblyErrors (0ms)
				InitializePlatformSupportModulesInManaged (3ms)
				SetLoadedEditorAssemblies (0ms)
				RefreshPlugins (0ms)
				BeforeProcessingInitializeOnLoad (57ms)
				ProcessInitializeOnLoadAttributes (61ms)
				ProcessInitializeOnLoadMethodAttributes (3ms)
				AfterProcessingInitializeOnLoad (4ms)
				EditorAssembliesLoaded (0ms)
			ExecutionOrderSort2 (0ms)
			AwakeInstancesAfterBackupRestoration (4ms)
Platform modules already initialized, skipping
Refreshing native plugins compatible for Editor in 0.26 ms, found 2 plugins.
Preloading 0 native plugins for Editor in 0.00 ms.
Unloading 1837 Unused Serialized files (Serialized files now loaded: 0)
System memory in use before: 83.2 MB.
System memory in use after: 83.3 MB.

Unloading 11 unused Assets to reduce memory usage. Loaded Objects now: 2318.
Total: 1.795600 ms (FindLiveObjects: 0.099200 ms CreateObjectMapping: 0.040100 ms MarkObjects: 1.636800 ms  DeleteObjects: 0.019000 ms)

AssetImportParameters requested are different than current active one (requested -> active):
  custom:framework-win-MediaFoundation: 216162199b28c13a410421893ffa2e32 -> 
  custom:video-decoder-ogg-theora: a1e56fd34408186e4bbccfd4996cb3dc -> 
  custom:container-muxer-webm: aa71ff27fc2769a1b78a27578f13a17b -> 
  custom:container-demuxer-webm: 4f35f7cbe854078d1ac9338744f61a02 -> 
  custom:container-demuxer-ogg: 62fdf1f143b41e24485cea50d1cbac27 -> 
  custom:video-encoder-webm-vp8: eb34c28f22e8b96e1ab97ce403110664 -> 
  custom:video-decoder-webm-vp8: 9c59270c3fd7afecdb556c50c9e8de78 -> 
  custom:audio-decoder-ogg-vorbis: bf7c407c2cedff20999df2af8eb42d56 -> 
  custom:audio-encoder-webm-vorbis: bf7c407c2cedff20999df2af8eb42d56 -> 
========================================================================
Received Import Request.
  Time since last request: 48.342813 seconds.
  path: Assets/Controles.inputactions
  artifactKey: Guid(1aecebf64f6996641891b08564669d81) Importer(815301076,1909f56bfc062723c751e8b465ee728b)
Start importing Assets/Controles.inputactions using Guid(1aecebf64f6996641891b08564669d81) Importer(815301076,1909f56bfc062723c751e8b465ee728b) Diagnostics callstack to track who triggered the sub-import:
0x00007ff67c30a292 (Unity) ImporterAssetResolver::ResolveAsset
0x00007ff67c2dbd62 (Unity) ResolveArtifactV2
0x00007ff67c2f4f00 (Unity) ImportToObjects
0x00007ff67c2f4348 (Unity) ImportAsset
0x00007ff67c28d9b8 (Unity) AssetImportWorker::Import
0x00007ff67c2b3a6c (Unity) <lambda_b123f039090cb0dbc945ab4402a71fca>::operator()
0x00007ff67c33b772 (Unity) asio::detail::completion_handler<core::mutable_function<void __cdecl(void)> >::do_complete
0x00007ff67c33d8d0 (Unity) asio::detail::win_iocp_io_service::do_one
0x00007ff67c34104e (Unity) asio::io_service::run
0x00007ff67c2dca7b (Unity) RunAssetImportWorkerClientV2
0x00007ff67c2dcad0 (Unity) RunAssetImporterV2
0x00007ff67bd774a9 (Unity) Application::InitializeProject
0x00007ff67c1d7c72 (Unity) WinMain
0x00007ff67d86944e (Unity) __scrt_common_main_seh
0x00007ff9dc2554e0 (KERNEL32) BaseThreadInitThunk
0x00007ff9dc96485b (ntdll) RtlUserThreadStart

Requesting import of Guid(1aecebf64f6996641891b08564669d81) Importer(-1,00000000000000000000000000000000), Assets/Controles.inputactions from editor
Resuming Guid(1aecebf64f6996641891b08564669d81) Importer(-1,00000000000000000000000000000000) -> 24ac86bbf6387e2f33c0217b5570459a 
Assertion failed on expression: 'state.state == kUpToDate'
Assertion failed on expression: 'state.artifactID == result'
Diagnostics callstack to track who triggered the sub-import:
0x00007ff67c30a292 (Unity) ImporterAssetResolver::ResolveAsset
0x00007ff67c2dbd62 (Unity) ResolveArtifactV2
0x00007ff67c2d3e51 (Unity) ProduceArtifactV2
0x00007ff67c2695de (Unity) AssetDatabase::ProduceArtifact
0x00007ff67c253538 (Unity) PreviewImporter::GenerateAssetData
0x00007ff67c2f52d2 (Unity) ImportToObjects
0x00007ff67c2f4348 (Unity) ImportAsset
0x00007ff67c28d9b8 (Unity) AssetImportWorker::Import
0x00007ff67c2b3a6c (Unity) <lambda_b123f039090cb0dbc945ab4402a71fca>::operator()
0x00007ff67c33b772 (Unity) asio::detail::completion_handler<core::mutable_function<void __cdecl(void)> >::do_complete
0x00007ff67c33d8d0 (Unity) asio::detail::win_iocp_io_service::do_one
0x00007ff67c34104e (Unity) asio::io_service::run
0x00007ff67c2dca7b (Unity) RunAssetImportWorkerClientV2
0x00007ff67c2dcad0 (Unity) RunAssetImporterV2
0x00007ff67bd774a9 (Unity) Application::InitializeProject
0x00007ff67c1d7c72 (Unity) WinMain
0x00007ff67d86944e (Unity) __scrt_common_main_seh
0x00007ff9dc2554e0 (KERNEL32) BaseThreadInitThunk
0x00007ff9dc96485b (ntdll) RtlUserThreadStart

Requesting import of Guid(1aecebf64f6996641891b08564669d81) Importer(-1,00000000000000000000000000000000), Assets/Controles.inputactions from editor
Resuming Guid(1aecebf64f6996641891b08564669d81) Importer(-1,00000000000000000000000000000000) -> 24ac86bbf6387e2f33c0217b5570459a 
Assertion failed on expression: 'state.state == kUpToDate'
Assertion failed on expression: 'state.artifactID == result'
 -> (artifact id: '4f5de9cb434a745f0c0020e17e58844f') in 0.181935 seconds 
AssetImportWorkerClient::OnTransportError - code=2 error=End of file
